# JRE version: OpenJDK Runtime Environment (17.0.17+10) (build 17.0.17+10)
# Java VM: OpenJDK 64-Bit Server VM (17.0.17+10, mixed mode, sharing, tiered, compressed oops, compressed class ptrs, g1 gc, linux-amd64)
GC Precious Log:
 CPUs: 12 total, 12 available
 Memory: 31192M
 Large Page Support: Disabled
 NUMA Support: Disabled
 Compressed Oops: Enabled (32-bit)
 Heap Region Size: 1M
 Heap Min Capacity: 8M
 Heap Initial Capacity: 488M
 Heap Max Capacity: 1G
 Pre-touch: Disabled
 Parallel Workers: 10
 Concurrent Workers: 3
 Concurrent Refinement Workers: 10
 Periodic GC: Disabled
Heap:
 garbage-first heap   total 293888K, used 79391K [0x00000000c0000000, 0x0000000100000000)
  region size 1024K, 1 young (1024K), 0 survivors (0K)
 Metaspace       used 10075K, committed 10304K, reserved 1114112K
  class space    used 1492K, committed 1600K, reserved 1048576K
GC Heap History (20 events):
Event: 9.954 GC heap before
{Heap before GC invocations=21 (full 4):
 garbage-first heap   total 75776K, used 50740K [0x00000000c0000000, 0x0000000100000000)
  region size 1024K, 32 young (32768K), 4 survivors (4096K)
 Metaspace       used 7917K, committed 8128K, reserved 1114112K
  class space    used 1160K, committed 1280K, reserved 1048576K
}
Event: 9.957 GC heap after
{Heap after GC invocations=22 (full 4):
 garbage-first heap   total 75776K, used 25065K [0x00000000c0000000, 0x0000000100000000)
  region size 1024K, 4 young (4096K), 4 survivors (4096K)
 Metaspace       used 7917K, committed 8128K, reserved 1114112K
  class space    used 1160K, committed 1280K, reserved 1048576K
}
Event: 9.983 GC heap before
{Heap before GC invocations=22 (full 4):
 garbage-first heap   total 75776K, used 53737K [0x00000000c0000000, 0x0000000100000000)
  region size 1024K, 30 young (30720K), 4 survivors (4096K)
 Metaspace       used 8077K, committed 8320K, reserved 1114112K
  class space    used 1212K, committed 1344K, reserved 1048576K
}
Event: 9.987 GC heap after
{Heap after GC invocations=23 (full 4):
 garbage-first heap   total 75776K, used 31149K [0x00000000c0000000, 0x0000000100000000)
  region size 1024K, 4 young (4096K), 4 survivors (4096K)
 Metaspace       used 8077K, committed 8320K, reserved 1114112K
  class space    used 1212K, committed 1344K, reserved 1048576K
}
Event: 9.993 GC heap before
{Heap before GC invocations=23 (full 4):
 garbage-first heap   total 75776K, used 53677K [0x00000000c0000000, 0x0000000100000000)
  region size 1024K, 26 young (26624K), 4 survivors (4096K)
 Metaspace       used 8078K, committed 8320K, reserved 1114112K
  class space    used 1212K, committed 1344K, reserved 1048576K
}
Event: 9.996 GC heap after
{Heap after GC invocations=24 (full 4):
 garbage-first heap   total 287744K, used 33616K [0x00000000c0000000, 0x0000000100000000)
  region size 1024K, 3 young (3072K), 3 survivors (3072K)
 Metaspace       used 8078K, committed 8320K, reserved 1114112K
  class space    used 1212K, committed 1344K, reserved 1048576K
}
Event: 10.182 GC heap before
{Heap before GC invocations=24 (full 4):
 garbage-first heap   total 287744K, used 214864K [0x00000000c0000000, 0x0000000100000000)
  region size 1024K, 168 young (172032K), 3 survivors (3072K)
 Metaspace       used 9638K, committed 9856K, reserved 1114112K
  class space    used 1425K, committed 1536K, reserved 1048576K
}
Event: 10.189 GC heap after
{Heap after GC invocations=25 (full 4):
 garbage-first heap   total 287744K, used 70346K [0x00000000c0000000, 0x0000000100000000)
  region size 1024K, 21 young (21504K), 21 survivors (21504K)
 Metaspace       used 9638K, committed 9856K, reserved 1114112K
  class space    used 1425K, committed 1536K, reserved 1048576K
}
Event: 10.229 GC heap before
{Heap before GC invocations=25 (full 4):
 garbage-first heap   total 287744K, used 177866K [0x00000000c0000000, 0x0000000100000000)
  region size 1024K, 126 young (129024K), 21 survivors (21504K)
 Metaspace       used 9661K, committed 9856K, reserved 1114112K
  class space    used 1425K, committed 1536K, reserved 1048576K
}
Event: 10.236 GC heap after
{Heap after GC invocations=26 (full 4):
 garbage-first heap   total 287744K, used 85529K [0x00000000c0000000, 0x0000000100000000)
  region size 1024K, 15 young (15360K), 15 survivors (15360K)
 Metaspace       used 9661K, committed 9856K, reserved 1114112K
  class space    used 1425K, committed 1536K, reserved 1048576K
}
Event: 10.236 GC heap before
{Heap before GC invocations=26 (full 4):
 garbage-first heap   total 287744K, used 85529K [0x00000000c0000000, 0x0000000100000000)
  region size 1024K, 16 young (16384K), 15 survivors (15360K)
 Metaspace       used 9661K, committed 9856K, reserved 1114112K
  class space    used 1425K, committed 1536K, reserved 1048576K
}
Event: 10.249 GC heap after
{Heap after GC invocations=27 (full 5):
 garbage-first heap   total 215040K, used 59574K [0x00000000c0000000, 0x0000000100000000)
  region size 1024K, 0 young (0K), 0 survivors (0K)
 Metaspace       used 9661K, committed 9856K, reserved 1114112K
  class space    used 1425K, committed 1536K, reserved 1048576K
}
Event: 10.278 GC heap before
{Heap before GC invocations=27 (full 5):
 garbage-first heap   total 215040K, used 138422K [0x00000000c0000000, 0x0000000100000000)
  region size 1024K, 77 young (78848K), 0 survivors (0K)
 Metaspace       used 9714K, committed 9984K, reserved 1114112K
  class space    used 1462K, committed 1600K, reserved 1048576K
}
Event: 10.281 GC heap after
{Heap after GC invocations=28 (full 5):
 garbage-first heap   total 215040K, used 69814K [0x00000000c0000000, 0x0000000100000000)
  region size 1024K, 10 young (10240K), 10 survivors (10240K)
 Metaspace       used 9714K, committed 9984K, reserved 1114112K
  class space    used 1462K, committed 1600K, reserved 1048576K
}
Event: 10.303 GC heap before
{Heap before GC invocations=28 (full 5):
 garbage-first heap   total 215040K, used 148662K [0x00000000c0000000, 0x0000000100000000)
  region size 1024K, 87 young (89088K), 10 survivors (10240K)
 Metaspace       used 9715K, committed 9984K, reserved 1114112K
  class space    used 1462K, committed 1600K, reserved 1048576K
}
Event: 10.308 GC heap after
{Heap after GC invocations=29 (full 5):
 garbage-first heap   total 215040K, used 78239K [0x00000000c0000000, 0x0000000100000000)
  region size 1024K, 10 young (10240K), 10 survivors (10240K)
 Metaspace       used 9715K, committed 9984K, reserved 1114112K
  class space    used 1462K, committed 1600K, reserved 1048576K
}
Event: 10.331 GC heap before
{Heap before GC invocations=29 (full 5):
 garbage-first heap   total 215040K, used 156063K [0x00000000c0000000, 0x0000000100000000)
  region size 1024K, 86 young (88064K), 10 survivors (10240K)
 Metaspace       used 9716K, committed 9984K, reserved 1114112K
  class space    used 1462K, committed 1600K, reserved 1048576K
}
Event: 10.336 GC heap after
{Heap after GC invocations=30 (full 5):
 garbage-first heap   total 548864K, used 86933K [0x00000000c0000000, 0x0000000100000000)
  region size 1024K, 10 young (10240K), 10 survivors (10240K)
 Metaspace       used 9716K, committed 9984K, reserved 1114112K
  class space    used 1462K, committed 1600K, reserved 1048576K
}
Event: 857.154 GC heap before
{Heap before GC invocations=30 (full 5):
 garbage-first heap   total 548864K, used 144277K [0x00000000c0000000, 0x0000000100000000)
  region size 1024K, 67 young (68608K), 10 survivors (10240K)
 Metaspace       used 10073K, committed 10304K, reserved 1114112K
  class space    used 1491K, committed 1600K, reserved 1048576K
}
Event: 857.171 GC heap after
{Heap after GC invocations=31 (full 6):
 garbage-first heap   total 293888K, used 79391K [0x00000000c0000000, 0x0000000100000000)
  region size 1024K, 0 young (0K), 0 survivors (0K)
 Metaspace       used 10073K, committed 10304K, reserved 1114112K
  class space    used 1491K, committed 1600K, reserved 1048576K
}

