# JRE version: OpenJDK Runtime Environment (17.0.17+10) (build 17.0.17+10)
# Java VM: OpenJDK 64-Bit Server VM (17.0.17+10, mixed mode, sharing, tiered, compressed oops, compressed class ptrs, g1 gc, linux-amd64)
GC Precious Log:
 CPUs: 12 total, 12 available
 Memory: 31192M
 Large Page Support: Disabled
 NUMA Support: Disabled
 Compressed Oops: Enabled (32-bit)
 Heap Region Size: 1M
 Heap Min Capacity: 8M
 Heap Initial Capacity: 488M
 Heap Max Capacity: 1G
 Pre-touch: Disabled
 Parallel Workers: 10
 Concurrent Workers: 3
 Concurrent Refinement Workers: 10
 Periodic GC: Disabled
Heap:
 garbage-first heap   total 355328K, used 188037K [0x00000000c0000000, 0x0000000100000000)
  region size 1024K, 111 young (113664K), 8 survivors (8192K)
 Metaspace       used 10096K, committed 10304K, reserved 1114112K
  class space    used 1492K, committed 1600K, reserved 1048576K
GC Heap History (20 events):
Event: 3.619 GC heap before
{Heap before GC invocations=10 (full 1):
 garbage-first heap   total 102400K, used 81102K [0x00000000c0000000, 0x0000000100000000)
  region size 1024K, 63 young (64512K), 2 survivors (2048K)
 Metaspace       used 7949K, committed 8192K, reserved 1114112K
  class space    used 1160K, committed 1280K, reserved 1048576K
}
Event: 3.624 GC heap after
{Heap after GC invocations=11 (full 1):
 garbage-first heap   total 102400K, used 25398K [0x00000000c0000000, 0x0000000100000000)
  region size 1024K, 7 young (7168K), 7 survivors (7168K)
 Metaspace       used 7949K, committed 8192K, reserved 1114112K
  class space    used 1160K, committed 1280K, reserved 1048576K
}
Event: 3.653 GC heap before
{Heap before GC invocations=11 (full 1):
 garbage-first heap   total 102400K, used 71478K [0x00000000c0000000, 0x0000000100000000)
  region size 1024K, 51 young (52224K), 7 survivors (7168K)
 Metaspace       used 8078K, committed 8320K, reserved 1114112K
  class space    used 1212K, committed 1344K, reserved 1048576K
}
Event: 3.659 GC heap after
{Heap after GC invocations=12 (full 1):
 garbage-first heap   total 102400K, used 33705K [0x00000000c0000000, 0x0000000100000000)
  region size 1024K, 7 young (7168K), 7 survivors (7168K)
 Metaspace       used 8078K, committed 8320K, reserved 1114112K
  class space    used 1212K, committed 1344K, reserved 1048576K
}
Event: 3.670 GC heap before
{Heap before GC invocations=12 (full 1):
 garbage-first heap   total 102400K, used 71593K [0x00000000c0000000, 0x0000000100000000)
  region size 1024K, 44 young (45056K), 7 survivors (7168K)
 Metaspace       used 8079K, committed 8320K, reserved 1114112K
  class space    used 1212K, committed 1344K, reserved 1048576K
}
Event: 3.675 GC heap after
{Heap after GC invocations=13 (full 1):
 garbage-first heap   total 102400K, used 37002K [0x00000000c0000000, 0x0000000100000000)
  region size 1024K, 4 young (4096K), 4 survivors (4096K)
 Metaspace       used 8079K, committed 8320K, reserved 1114112K
  class space    used 1212K, committed 1344K, reserved 1048576K
}
Event: 3.685 GC heap before
{Heap before GC invocations=13 (full 1):
 garbage-first heap   total 102400K, used 74890K [0x00000000c0000000, 0x0000000100000000)
  region size 1024K, 41 young (41984K), 4 survivors (4096K)
 Metaspace       used 8079K, committed 8320K, reserved 1114112K
  class space    used 1212K, committed 1344K, reserved 1048576K
}
Event: 3.688 GC heap after
{Heap after GC invocations=14 (full 1):
 garbage-first heap   total 102400K, used 39882K [0x00000000c0000000, 0x0000000100000000)
  region size 1024K, 4 young (4096K), 4 survivors (4096K)
 Metaspace       used 8079K, committed 8320K, reserved 1114112K
  class space    used 1212K, committed 1344K, reserved 1048576K
}
Event: 3.716 GC heap before
{Heap before GC invocations=14 (full 1):
 garbage-first heap   total 102400K, used 73674K [0x00000000c0000000, 0x0000000100000000)
  region size 1024K, 32 young (32768K), 4 survivors (4096K)
 Metaspace       used 8083K, committed 8320K, reserved 1114112K
  class space    used 1212K, committed 1344K, reserved 1048576K
}
Event: 3.721 GC heap after
{Heap after GC invocations=15 (full 1):
 garbage-first heap   total 301056K, used 53386K [0x00000000c0000000, 0x0000000100000000)
  region size 1024K, 5 young (5120K), 5 survivors (5120K)
 Metaspace       used 8083K, committed 8320K, reserved 1114112K
  class space    used 1212K, committed 1344K, reserved 1048576K
}
Event: 3.865 GC heap before
{Heap before GC invocations=15 (full 1):
 garbage-first heap   total 301056K, used 148618K [0x00000000c0000000, 0x0000000100000000)
  region size 1024K, 92 young (94208K), 5 survivors (5120K)
 Metaspace       used 9657K, committed 9856K, reserved 1114112K
  class space    used 1425K, committed 1536K, reserved 1048576K
}
Event: 3.880 GC heap after
{Heap after GC invocations=16 (full 2):
 garbage-first heap   total 181248K, used 49418K [0x00000000c0000000, 0x0000000100000000)
  region size 1024K, 0 young (0K), 0 survivors (0K)
 Metaspace       used 9657K, committed 9856K, reserved 1114112K
  class space    used 1425K, committed 1536K, reserved 1048576K
}
Event: 3.910 GC heap before
{Heap before GC invocations=16 (full 2):
 garbage-first heap   total 181248K, used 132362K [0x00000000c0000000, 0x0000000100000000)
  region size 1024K, 81 young (82944K), 0 survivors (0K)
 Metaspace       used 9658K, committed 9856K, reserved 1114112K
  class space    used 1425K, committed 1536K, reserved 1048576K
}
Event: 3.914 GC heap after
{Heap after GC invocations=17 (full 2):
 garbage-first heap   total 181248K, used 60295K [0x00000000c0000000, 0x0000000100000000)
  region size 1024K, 11 young (11264K), 11 survivors (11264K)
 Metaspace       used 9658K, committed 9856K, reserved 1114112K
  class space    used 1425K, committed 1536K, reserved 1048576K
}
Event: 3.951 GC heap before
{Heap before GC invocations=17 (full 2):
 garbage-first heap   total 181248K, used 130951K [0x00000000c0000000, 0x0000000100000000)
  region size 1024K, 80 young (81920K), 11 survivors (11264K)
 Metaspace       used 9712K, committed 9984K, reserved 1114112K
  class space    used 1462K, committed 1600K, reserved 1048576K
}
Event: 3.956 GC heap after
{Heap after GC invocations=18 (full 2):
 garbage-first heap   total 181248K, used 68278K [0x00000000c0000000, 0x0000000100000000)
  region size 1024K, 9 young (9216K), 9 survivors (9216K)
 Metaspace       used 9712K, committed 9984K, reserved 1114112K
  class space    used 1462K, committed 1600K, reserved 1048576K
}
Event: 3.974 GC heap before
{Heap before GC invocations=18 (full 2):
 garbage-first heap   total 181248K, used 134838K [0x00000000c0000000, 0x0000000100000000)
  region size 1024K, 74 young (75776K), 9 survivors (9216K)
 Metaspace       used 9713K, committed 9984K, reserved 1114112K
  class space    used 1462K, committed 1600K, reserved 1048576K
}
Event: 3.979 GC heap after
{Heap after GC invocations=19 (full 2):
 garbage-first heap   total 181248K, used 76438K [0x00000000c0000000, 0x0000000100000000)
  region size 1024K, 9 young (9216K), 9 survivors (9216K)
 Metaspace       used 9713K, committed 9984K, reserved 1114112K
  class space    used 1462K, committed 1600K, reserved 1048576K
}
Event: 3.995 GC heap before
{Heap before GC invocations=19 (full 2):
 garbage-first heap   total 181248K, used 137878K [0x00000000c0000000, 0x0000000100000000)
  region size 1024K, 69 young (70656K), 9 survivors (9216K)
 Metaspace       used 9713K, committed 9984K, reserved 1114112K
  class space    used 1462K, committed 1600K, reserved 1048576K
}
Event: 3.999 GC heap after
{Heap after GC invocations=20 (full 2):
 garbage-first heap   total 355328K, used 83589K [0x00000000c0000000, 0x0000000100000000)
  region size 1024K, 8 young (8192K), 8 survivors (8192K)
 Metaspace       used 9713K, committed 9984K, reserved 1114112K
  class space    used 1462K, committed 1600K, reserved 1048576K
}

